sliding_menu_lib/build/outputs/logs/manifest-merger-debug-report.txt
-- Merging decision tree log ---
manifest
ADDED from markbook/sliding_menu_lib/AndroidManifest.xml:2:1-6:12
INJECTED from markbook/sliding_menu_lib/AndroidManifest.xml:2:1-6:12
INJECTED from markbook/sliding_menu_lib/AndroidManifest.xml:2:1-6:12
	package
		ADDED from markbook/sliding_menu_lib/AndroidManifest.xml:3:5-50
		INJECTED from markbook/sliding_menu_lib/AndroidManifest.xml
		INJECTED from markbook/sliding_menu_lib/AndroidManifest.xml
	xmlns:android
		ADDED from markbook/sliding_menu_lib/AndroidManifest.xml:2:11-69
uses-sdk
INJECTED from markbook/sliding_menu_lib/AndroidManifest.xml reason: use-sdk injection requested
INJECTED from markbook/sliding_menu_lib/AndroidManifest.xml
INJECTED from markbook/sliding_menu_lib/AndroidManifest.xml
INJECTED from markbook/sliding_menu_lib/AndroidManifest.xml
INJECTED from markbook/sliding_menu_lib/AndroidManifest.xml
	android:targetSdkVersion
		INJECTED from markbook/sliding_menu_lib/AndroidManifest.xml
		ADDED from markbook/sliding_menu_lib/AndroidManifest.xml
		INJECTED from markbook/sliding_menu_lib/AndroidManifest.xml
	android:minSdkVersion
		INJECTED from markbook/sliding_menu_lib/AndroidManifest.xml
		ADDED from markbook/sliding_menu_lib/AndroidManifest.xml
		INJECTED from markbook/sliding_menu_lib/AndroidManifest.xml